<?xml version="1.0" encoding="UTF-8"?>
<testsuite xmlns:xsi="http://www.w3.org/2001/XMLSchema-instance" xsi:noNamespaceSchemaLocation="https://maven.apache.org/surefire/maven-surefire-plugin/xsd/surefire-test-report.xsd" name="com.aws.codestar.projecttemplates.controller.HelloWorldControllerTest" time="0.16" tests="2" errors="0" skipped="0" failures="2">
  <properties>
[...]
</properties>
  <testcase name="testPostRequest" classname="com.aws.codestar.projecttemplates.controller.HelloWorldControllerTest" time="0.129">
    <failure message="expected: &lt;Hello AWS CodeStar!!&gt; but was: &lt;Hello AWS CodeStar!&gt;" type="org.opentest4j.AssertionFailedError"><![CDATA[org.opentest4j.AssertionFailedError: expected: <Hello AWS CodeStar!!> but was: <Hello AWS CodeStar!>
	at com.aws.codestar.projecttemplates.controller.HelloWorldControllerTest.testPostRequest(HelloWorldControllerTest.java:68)
]]></failure>
  </testcase>
  <testcase name="testGetRequest" classname="com.aws.codestar.projecttemplates.controller.HelloWorldControllerTest" time="0.007">
    <failure message="expected: &lt;Hello AWS CodeStar!!&gt; but was: &lt;Hello AWS CodeStar!&gt;" type="org.opentest4j.AssertionFailedError"><![CDATA[org.opentest4j.AssertionFailedError: expected: <Hello AWS CodeStar!!> but was: <Hello AWS CodeStar!>
	at com.aws.codestar.projecttemplates.controller.HelloWorldControllerTest.testGetRequest(HelloWorldControllerTest.java:54)
]]></failure>
  </testcase>
</testsuite>